<?xml version="1.0" encoding="UTF-8"?>
<!-- Generated by org.testng.reporters.JUnitReportReporter -->
<testsuite hostname="TYC1121225" failures="0" tests="1" name="rmgYantra.projects.CreateResReqRes" time="4.265" errors="0" timestamp="2022-12-15T13:01:05 IST" skipped="0">
  <testcase classname="rmgYantra.projects.CreateResReqRes" name="createResTest" time="4.265"/>
  <system-out/>
</testsuite> <!-- rmgYantra.projects.CreateResReqRes -->
